[15-Jul-2022 10:41:03 UTC] PHP Warning:  Use of undefined constant SECURE_AUTH_KEY - assumed 'SECURE_AUTH_KEY' (this will throw an Error in a future version of PHP) in C:\Users\Usuario\Local Sites\rotvps\app\public\wp-content\plugins\royal-elementor-addons\freemius\includes\class-freemius.php on line 4061
[15-Jul-2022 10:41:03 UTC] PHP Stack trace:
[15-Jul-2022 10:41:03 UTC] PHP   1. {main}() C:\Users\Usuario\Local Sites\rotvps\app\public\wp-admin\admin-ajax.php:0
[15-Jul-2022 10:41:03 UTC] PHP   2. do_action() C:\Users\Usuario\Local Sites\rotvps\app\public\wp-admin\admin-ajax.php:187
[15-Jul-2022 10:41:03 UTC] PHP   3. WP_Hook->do_action() C:\Users\Usuario\Local Sites\rotvps\app\public\wp-includes\plugin.php:476
[15-Jul-2022 10:41:03 UTC] PHP   4. WP_Hook->apply_filters() C:\Users\Usuario\Local Sites\rotvps\app\public\wp-includes\class-wp-hook.php:331
[15-Jul-2022 10:41:03 UTC] PHP   5. REK_Welcome_Notice->install_activate_royal_addons() C:\Users\Usuario\Local Sites\rotvps\app\public\wp-includes\class-wp-hook.php:307
[15-Jul-2022 10:41:03 UTC] PHP   6. REK_Welcome_Notice->activate_plugin() C:\Users\Usuario\Local Sites\rotvps\app\public\wp-content\themes\royal-elementor-kit\inc\activation\class-welcome-notice.php:256
[15-Jul-2022 10:41:03 UTC] PHP   7. activate_plugin() C:\Users\Usuario\Local Sites\rotvps\app\public\wp-content\themes\royal-elementor-kit\inc\activation\class-welcome-notice.php:188
[15-Jul-2022 10:41:03 UTC] PHP   8. plugin_sandbox_scrape() C:\Users\Usuario\Local Sites\rotvps\app\public\wp-admin\includes\plugin.php:661
[15-Jul-2022 10:41:03 UTC] PHP   9. include_once() C:\Users\Usuario\Local Sites\rotvps\app\public\wp-admin\includes\plugin.php:2313
[15-Jul-2022 10:41:03 UTC] PHP  10. wpr_fs() C:\Users\Usuario\Local Sites\rotvps\app\public\wp-content\plugins\royal-elementor-addons\wpr-addons.php:78
[15-Jul-2022 10:41:03 UTC] PHP  11. fs_dynamic_init() C:\Users\Usuario\Local Sites\rotvps\app\public\wp-content\plugins\royal-elementor-addons\wpr-addons.php:54
[15-Jul-2022 10:41:03 UTC] PHP  12. Freemius->dynamic_init() C:\Users\Usuario\Local Sites\rotvps\app\public\wp-content\plugins\royal-elementor-addons\freemius\start.php:522
[15-Jul-2022 10:41:03 UTC] PHP  13. Freemius->has_api_connectivity() C:\Users\Usuario\Local Sites\rotvps\app\public\wp-content\plugins\royal-elementor-addons\freemius\includes\class-freemius.php:4818
[15-Jul-2022 10:41:03 UTC] PHP  14. Freemius->ping() C:\Users\Usuario\Local Sites\rotvps\app\public\wp-content\plugins\royal-elementor-addons\freemius\includes\class-freemius.php:3964
[15-Jul-2022 10:41:03 UTC] PHP  15. Freemius->get_anonymous_id() C:\Users\Usuario\Local Sites\rotvps\app\public\wp-content\plugins\royal-elementor-addons\freemius\includes\class-freemius.php:3912
[21-Jul-2022 11:33:02 UTC] PHP Fatal error:  Uncaught Error: Call to a member function enqueue_styles() on null in C:\Users\Usuario\Local Sites\rotvps\app\public\wp-content\plugins\royal-elementor-addons\admin\includes\wpr-render-templates.php:201
Stack trace:
#0 C:\Users\Usuario\Local Sites\rotvps\app\public\wp-includes\class-wp-hook.php(307): WprAddons\Admin\Includes\WPR_Render_Templates->enqueue_scripts('')
#1 C:\Users\Usuario\Local Sites\rotvps\app\public\wp-includes\class-wp-hook.php(331): WP_Hook->apply_filters(NULL, Array)
#2 C:\Users\Usuario\Local Sites\rotvps\app\public\wp-includes\plugin.php(476): WP_Hook->do_action(Array)
#3 C:\Users\Usuario\Local Sites\rotvps\app\public\wp-includes\script-loader.php(2156): do_action('wp_enqueue_scri...')
#4 C:\Users\Usuario\Local Sites\rotvps\app\public\wp-includes\class-wp-customize-manager.php(454): wp_enqueue_scripts()
#5 C:\Users\Usuario\Local Sites\rotvps\app\public\wp-includes\class-wp-customize-manager.php(551): WP_Customize_Manager->wp_die(0, 'Non-existent ch...')
#6 C:\Users\Usuario\Local Sites\rotv in C:\Users\Usuario\Local Sites\rotvps\app\public\wp-content\plugins\royal-elementor-addons\admin\includes\wpr-render-templates.php on line 201
[21-Jul-2022 11:40:17 UTC] PHP Fatal error:  Uncaught Error: Call to a member function enqueue_styles() on null in C:\Users\Usuario\Local Sites\rotvps\app\public\wp-content\plugins\royal-elementor-addons\admin\includes\wpr-render-templates.php:201
Stack trace:
#0 C:\Users\Usuario\Local Sites\rotvps\app\public\wp-includes\class-wp-hook.php(307): WprAddons\Admin\Includes\WPR_Render_Templates->enqueue_scripts('')
#1 C:\Users\Usuario\Local Sites\rotvps\app\public\wp-includes\class-wp-hook.php(331): WP_Hook->apply_filters(NULL, Array)
#2 C:\Users\Usuario\Local Sites\rotvps\app\public\wp-includes\plugin.php(476): WP_Hook->do_action(Array)
#3 C:\Users\Usuario\Local Sites\rotvps\app\public\wp-includes\script-loader.php(2156): do_action('wp_enqueue_scri...')
#4 C:\Users\Usuario\Local Sites\rotvps\app\public\wp-includes\class-wp-customize-manager.php(454): wp_enqueue_scripts()
#5 C:\Users\Usuario\Local Sites\rotvps\app\public\wp-includes\class-wp-customize-manager.php(551): WP_Customize_Manager->wp_die(0, 'Non-existent ch...')
#6 C:\Users\Usuario\Local Sites\rotv in C:\Users\Usuario\Local Sites\rotvps\app\public\wp-content\plugins\royal-elementor-addons\admin\includes\wpr-render-templates.php on line 201
[21-Jul-2022 11:41:26 UTC] PHP Fatal error:  Uncaught Error: Call to a member function enqueue_styles() on null in C:\Users\Usuario\Local Sites\rotvps\app\public\wp-content\plugins\royal-elementor-addons\admin\includes\wpr-render-templates.php:201
Stack trace:
#0 C:\Users\Usuario\Local Sites\rotvps\app\public\wp-includes\class-wp-hook.php(307): WprAddons\Admin\Includes\WPR_Render_Templates->enqueue_scripts('')
#1 C:\Users\Usuario\Local Sites\rotvps\app\public\wp-includes\class-wp-hook.php(331): WP_Hook->apply_filters(NULL, Array)
#2 C:\Users\Usuario\Local Sites\rotvps\app\public\wp-includes\plugin.php(476): WP_Hook->do_action(Array)
#3 C:\Users\Usuario\Local Sites\rotvps\app\public\wp-includes\script-loader.php(2156): do_action('wp_enqueue_scri...')
#4 C:\Users\Usuario\Local Sites\rotvps\app\public\wp-includes\class-wp-customize-manager.php(454): wp_enqueue_scripts()
#5 C:\Users\Usuario\Local Sites\rotvps\app\public\wp-includes\class-wp-customize-manager.php(551): WP_Customize_Manager->wp_die(0, 'Non-existent ch...')
#6 C:\Users\Usuario\Local Sites\rotv in C:\Users\Usuario\Local Sites\rotvps\app\public\wp-content\plugins\royal-elementor-addons\admin\includes\wpr-render-templates.php on line 201
[26-Jul-2022 08:09:16 UTC] PHP Fatal error:  Uncaught Error: Call to a member function enqueue_styles() on null in C:\Users\Usuario\Local Sites\rotvps\app\public\wp-content\plugins\royal-elementor-addons\admin\includes\wpr-render-templates.php:201
Stack trace:
#0 C:\Users\Usuario\Local Sites\rotvps\app\public\wp-includes\class-wp-hook.php(307): WprAddons\Admin\Includes\WPR_Render_Templates->enqueue_scripts('')
#1 C:\Users\Usuario\Local Sites\rotvps\app\public\wp-includes\class-wp-hook.php(331): WP_Hook->apply_filters(NULL, Array)
#2 C:\Users\Usuario\Local Sites\rotvps\app\public\wp-includes\plugin.php(476): WP_Hook->do_action(Array)
#3 C:\Users\Usuario\Local Sites\rotvps\app\public\wp-includes\script-loader.php(2156): do_action('wp_enqueue_scri...')
#4 C:\Users\Usuario\Local Sites\rotvps\app\public\wp-includes\class-wp-customize-manager.php(454): wp_enqueue_scripts()
#5 C:\Users\Usuario\Local Sites\rotvps\app\public\wp-includes\class-wp-customize-manager.php(551): WP_Customize_Manager->wp_die(0, 'Non-existent ch...')
#6 C:\Users\Usuario\Local Sites\rotv in C:\Users\Usuario\Local Sites\rotvps\app\public\wp-content\plugins\royal-elementor-addons\admin\includes\wpr-render-templates.php on line 201
[26-Jul-2022 08:18:30 UTC] PHP Fatal error:  Uncaught Error: Call to a member function is_preview_mode() on null in C:\Users\Usuario\Local Sites\rotvps\app\public\wp-content\plugins\royal-elementor-addons\admin\includes\wpr-conditions-manager.php:42
Stack trace:
#0 C:\Users\Usuario\Local Sites\rotvps\app\public\wp-content\plugins\royal-elementor-addons\admin\includes\wpr-render-templates.php(210): WprAddons\Admin\Includes\WPR_Conditions_Manager::header_footer_display_conditions(Array)
#1 C:\Users\Usuario\Local Sites\rotvps\app\public\wp-includes\class-wp-hook.php(307): WprAddons\Admin\Includes\WPR_Render_Templates->enqueue_scripts('')
#2 C:\Users\Usuario\Local Sites\rotvps\app\public\wp-includes\class-wp-hook.php(331): WP_Hook->apply_filters(NULL, Array)
#3 C:\Users\Usuario\Local Sites\rotvps\app\public\wp-includes\plugin.php(476): WP_Hook->do_action(Array)
#4 C:\Users\Usuario\Local Sites\rotvps\app\public\wp-includes\script-loader.php(2156): do_action('wp_enqueue_scri...')
#5 C:\Users\Usuario\Local Sites\rotvps\app\public\wp-includes\class-wp-customize in C:\Users\Usuario\Local Sites\rotvps\app\public\wp-content\plugins\royal-elementor-addons\admin\includes\wpr-conditions-manager.php on line 42
[26-Jul-2022 08:20:06 UTC] PHP Parse error:  syntax error, unexpected 'return' (T_RETURN), expecting function (T_FUNCTION) or const (T_CONST) in C:\Users\Usuario\Local Sites\rotvps\app\public\wp-content\plugins\royal-elementor-addons\admin\includes\wpr-conditions-manager.php on line 49
[26-Jul-2022 08:20:26 UTC] PHP Parse error:  syntax error, unexpected 'public' (T_PUBLIC), expecting end of file in C:\Users\Usuario\Local Sites\rotvps\app\public\wp-content\plugins\royal-elementor-addons\admin\includes\wpr-conditions-manager.php on line 54
[26-Jul-2022 08:20:46 UTC] PHP Parse error:  syntax error, unexpected '}', expecting end of file in C:\Users\Usuario\Local Sites\rotvps\app\public\wp-content\plugins\royal-elementor-addons\admin\includes\wpr-conditions-manager.php on line 89
[26-Jul-2022 08:21:04 UTC] PHP Fatal error:  Uncaught Error: Call to a member function enqueue_styles() on null in C:\Users\Usuario\Local Sites\rotvps\app\public\wp-content\plugins\royal-elementor-addons\admin\includes\wpr-render-templates.php:201
Stack trace:
#0 C:\Users\Usuario\Local Sites\rotvps\app\public\wp-includes\class-wp-hook.php(307): WprAddons\Admin\Includes\WPR_Render_Templates->enqueue_scripts('')
#1 C:\Users\Usuario\Local Sites\rotvps\app\public\wp-includes\class-wp-hook.php(331): WP_Hook->apply_filters(NULL, Array)
#2 C:\Users\Usuario\Local Sites\rotvps\app\public\wp-includes\plugin.php(476): WP_Hook->do_action(Array)
#3 C:\Users\Usuario\Local Sites\rotvps\app\public\wp-includes\script-loader.php(2156): do_action('wp_enqueue_scri...')
#4 C:\Users\Usuario\Local Sites\rotvps\app\public\wp-includes\class-wp-customize-manager.php(454): wp_enqueue_scripts()
#5 C:\Users\Usuario\Local Sites\rotvps\app\public\wp-includes\class-wp-customize-manager.php(551): WP_Customize_Manager->wp_die(0, 'Non-existent ch...')
#6 C:\Users\Usuario\Local Sites\rotv in C:\Users\Usuario\Local Sites\rotvps\app\public\wp-content\plugins\royal-elementor-addons\admin\includes\wpr-render-templates.php on line 201
